1727541970974:help
1727541975155:exit
1727542009133:hepl
1727542012973:help
1727542037401:exit
1727542057813:unpack
1727542250034:help
1727542252751:upack
1727542258503:unpack
1727612122589:help
1727612130391:find-all-parcels
1727613859372:help
1727613864456:find-all-parcels
1727614129985:help
1727614134267:find-all-parcels
1727633514216:help
1727633524289:find-all-parcels
1727633536480:exit
1727633620839:help
1727634243234:find-all-parcels
1727634600529:руhelp
1727634603202:help
1727634607663:find-all-parcels
1727634878546:help
1727634884781:find-all-parcels
1727635374923:find-all-places
1727635379979:find-all-parcels
1727635383217:help
1727635386978:find-all-parcels
1727635712261:help
1727635717019:find-all-parcels
