2024-09-19 02:58:11 INFO  ConsoleParcelsApplication:23 - Запуск приложения ConsoleParcelsApplication
2024-09-19 02:58:11 INFO  CargoManagementController:30 - Начата обработка выбора упаковки или распаковки
2024-09-19 02:58:26 INFO  CargoManagementController:43 - Пользователь выбрал распаковку
2024-09-19 02:58:26 INFO  CargoManagementController:93 - Начало процесса распаковки
2024-09-19 02:58:28 INFO  CargoManagementController:102 - Распаковка завершена. Распаковано 2 машин
2024-09-19 02:58:28 INFO  CargoManagementController:30 - Начата обработка выбора упаковки или распаковки
2024-09-19 21:16:31 INFO  ConsoleParcelsApplication:23 - Запуск приложения ConsoleParcelsApplication
2024-09-19 21:16:31 INFO  CargoManagementController:30 - Начата обработка выбора упаковки или распаковки
2024-09-19 21:16:35 INFO  CargoManagementController:38 - Пользователь выбрал упаковку
2024-09-19 21:16:35 INFO  CargoManagementController:54 - Начало процесса упаковки
2024-09-19 21:16:44 INFO  CargoManagementController:68 - Начинается упаковка 2 машин из файла /home/paul/IdeaProjects/ConsoleParcels/src/test/resources/input/valid-input-data-for-balanced-loading-service.txt
2024-09-19 21:16:44 INFO  BalancedLoadingServiceImpl:26 - Начало упаковки: файл = /home/paul/IdeaProjects/ConsoleParcels/src/test/resources/input/valid-input-data-for-balanced-loading-service.txt, количество автомобилей = 2
2024-09-19 21:16:44 INFO  BalancedLoadingServiceImpl:67 - Посылка ConsoleParcelsApp.model.Parcel@738dc9b размещена в грузовике ConsoleParcelsApp.model.Truck@3c77d488 на позиции (0, 5)
2024-09-19 21:16:44 INFO  BalancedLoadingServiceImpl:67 - Посылка ConsoleParcelsApp.model.Parcel@63376bed размещена в грузовике ConsoleParcelsApp.model.Truck@4145bad8 на позиции (0, 5)
2024-09-19 21:16:44 INFO  BalancedLoadingServiceImpl:67 - Посылка ConsoleParcelsApp.model.Parcel@d86a6f размещена в грузовике ConsoleParcelsApp.model.Truck@4145bad8 на позиции (1, 5)
2024-09-19 21:16:44 INFO  BalancedLoadingServiceImpl:67 - Посылка ConsoleParcelsApp.model.Parcel@2892d68 размещена в грузовике ConsoleParcelsApp.model.Truck@4145bad8 на позиции (2, 5)
2024-09-19 21:16:44 INFO  BalancedLoadingServiceImpl:38 - Упаковка завершена успешно. Все посылки размещены.
2024-09-19 21:16:44 INFO  CargoManagementController:77 - Упаковка завершена. Упаковано 2 грузовиков
2024-09-19 21:16:44 INFO  CargoManagementController:85 - Запись результатов упаковки в JSON завершена
2024-09-19 21:16:44 INFO  CargoManagementController:30 - Начата обработка выбора упаковки или распаковки
2024-09-19 21:30:50 INFO  ConsoleParcelsApplication:23 - Запуск приложения ConsoleParcelsApplication
2024-09-19 21:30:50 INFO  CargoManagementController:31 - Начата обработка выбора упаковки или распаковки
2024-09-19 21:31:10 INFO  CargoManagementController:39 - Пользователь выбрал упаковку
2024-09-19 21:31:10 INFO  CargoManagementController:55 - Начало процесса упаковки
2024-09-19 21:31:20 INFO  CargoManagementController:69 - Начинается упаковка 1 машин из файла /home/paul/IdeaProjects/ConsoleParcels/src/test/resources/input/valid-input-data-for-optimized-loading-service.txt
2024-09-19 21:31:20 INFO  OptimizedPackagingServiceImpl:25 - Начало упаковки: файл = /home/paul/IdeaProjects/ConsoleParcels/src/test/resources/input/valid-input-data-for-optimized-loading-service.txt, количество автомобилей = 1
2024-09-19 21:31:20 INFO  OptimizedPackagingServiceImpl:61 - Посылка 9 размещена в грузовике на позиции (0, 3)
2024-09-19 21:31:20 INFO  OptimizedPackagingServiceImpl:61 - Посылка 6 размещена в грузовике на позиции (3, 4)
2024-09-19 21:31:20 INFO  OptimizedPackagingServiceImpl:61 - Посылка 5 размещена в грузовике на позиции (0, 2)
2024-09-19 21:31:20 INFO  OptimizedPackagingServiceImpl:61 - Посылка 3 размещена в грузовике на позиции (3, 3)
2024-09-19 21:31:20 INFO  OptimizedPackagingServiceImpl:61 - Посылка 1 размещена в грузовике на позиции (5, 2)
2024-09-19 21:31:20 INFO  OptimizedPackagingServiceImpl:61 - Посылка 1 размещена в грузовике на позиции (0, 1)
2024-09-19 21:31:20 INFO  OptimizedPackagingServiceImpl:37 - Упаковка завершена успешно. Все посылки размещены.
2024-09-19 21:31:20 INFO  CargoManagementController:78 - Упаковка завершена. Упаковано 1 грузовиков
2024-09-19 21:31:20 INFO  CargoManagementController:86 - Запись результатов упаковки в JSON завершена
2024-09-19 21:31:20 INFO  CargoManagementController:31 - Начата обработка выбора упаковки или распаковки
2024-09-19 21:31:36 INFO  CargoManagementController:39 - Пользователь выбрал упаковку
2024-09-19 21:31:36 INFO  CargoManagementController:55 - Начало процесса упаковки
2024-09-19 21:31:52 INFO  CargoManagementController:69 - Начинается упаковка 1 машин из файла /home/paul/IdeaProjects/ConsoleParcels/src/test/resources/input/input-data-does-not-fit-in-one-truck.txt
2024-09-19 21:31:52 INFO  OptimizedPackagingServiceImpl:25 - Начало упаковки: файл = /home/paul/IdeaProjects/ConsoleParcels/src/test/resources/input/input-data-does-not-fit-in-one-truck.txt, количество автомобилей = 1
2024-09-19 21:31:52 INFO  OptimizedPackagingServiceImpl:61 - Посылка 9 размещена в грузовике на позиции (0, 3)
2024-09-19 21:31:52 INFO  OptimizedPackagingServiceImpl:61 - Посылка 9 размещена в грузовике на позиции (3, 3)
2024-09-19 21:31:52 INFO  OptimizedPackagingServiceImpl:61 - Посылка 9 размещена в грузовике на позиции (0, 0)
2024-09-19 21:31:52 INFO  OptimizedPackagingServiceImpl:61 - Посылка 9 размещена в грузовике на позиции (3, 0)
2024-09-19 21:31:52 ERROR OptimizedPackagingServiceImpl:64 - Не удалось разместить посылку: 9
2024-09-19 21:31:52 ERROR CargoManagementController:89 - Не удалось разместить посылку: 9
2024-09-19 21:31:52 INFO  CargoManagementController:31 - Начата обработка выбора упаковки или распаковки
2024-09-19 21:36:36 INFO  BalancedLoadingServiceImpl:29 - Начало упаковки: файл = src/test/resources/input/valid-input-data-for-balanced-loading-service.txt, количество автомобилей = 2
2024-09-19 21:36:36 INFO  BalancedLoadingServiceImpl:60 - Посылка ConsoleParcelsApp.model.Parcel@3eb81efb размещена в грузовике ConsoleParcelsApp.model.Truck@1ae8bcbc на позиции (0, 5)
2024-09-19 21:36:36 INFO  BalancedLoadingServiceImpl:60 - Посылка ConsoleParcelsApp.model.Parcel@6cdba6dc размещена в грузовике ConsoleParcelsApp.model.Truck@7d3d101b на позиции (0, 5)
2024-09-19 21:36:36 INFO  BalancedLoadingServiceImpl:60 - Посылка ConsoleParcelsApp.model.Parcel@30c8681 размещена в грузовике ConsoleParcelsApp.model.Truck@7d3d101b на позиции (1, 5)
2024-09-19 21:36:36 INFO  BalancedLoadingServiceImpl:60 - Посылка ConsoleParcelsApp.model.Parcel@5cdec700 размещена в грузовике ConsoleParcelsApp.model.Truck@7d3d101b на позиции (2, 5)
2024-09-19 21:36:36 INFO  BalancedLoadingServiceImpl:41 - Упаковка завершена успешно. Все посылки размещены.
2024-09-19 21:36:36 INFO  BalancedLoadingServiceImpl:29 - Начало упаковки: файл = src/test/resources/input/input-data-does-not-fit-in-one-truck.txt, количество автомобилей = 1
2024-09-19 21:36:36 INFO  BalancedLoadingServiceImpl:60 - Посылка ConsoleParcelsApp.model.Parcel@332796d3 размещена в грузовике ConsoleParcelsApp.model.Truck@4f0100a7 на позиции (0, 3)
2024-09-19 21:36:36 INFO  BalancedLoadingServiceImpl:60 - Посылка ConsoleParcelsApp.model.Parcel@3cdf2c61 размещена в грузовике ConsoleParcelsApp.model.Truck@4f0100a7 на позиции (3, 3)
2024-09-19 21:36:36 INFO  BalancedLoadingServiceImpl:60 - Посылка ConsoleParcelsApp.model.Parcel@13ad5cd3 размещена в грузовике ConsoleParcelsApp.model.Truck@4f0100a7 на позиции (0, 0)
2024-09-19 21:36:36 INFO  BalancedLoadingServiceImpl:60 - Посылка ConsoleParcelsApp.model.Parcel@1c33c17b размещена в грузовике ConsoleParcelsApp.model.Truck@4f0100a7 на позиции (3, 0)
2024-09-19 21:36:36 ERROR BalancedLoadingServiceImpl:63 - Не удалось разместить посылку: ConsoleParcelsApp.model.Parcel@5bf0fe62
2024-09-19 21:36:50 INFO  ConsoleParcelsApplication:23 - Запуск приложения ConsoleParcelsApplication
2024-09-19 21:36:50 INFO  CargoManagementController:31 - Начата обработка выбора упаковки или распаковки
2024-09-19 21:36:53 INFO  CargoManagementController:44 - Пользователь выбрал распаковку
2024-09-19 21:36:53 INFO  CargoManagementController:94 - Начало процесса распаковки
2024-09-19 21:37:00 INFO  CargoManagementController:103 - Распаковка завершена. Распаковано 5 машин
2024-09-19 21:37:00 INFO  CargoManagementController:31 - Начата обработка выбора упаковки или распаковки
2024-09-19 22:15:47 INFO  ConsoleParcelsApplication:23 - Запуск приложения ConsoleParcelsApplication
2024-09-19 22:15:47 INFO  CargoManagementController:32 - Начата обработка выбора упаковки или распаковки
2024-09-19 22:15:49 INFO  ReceivingUserRequestServiceImpl:32 - Пользователь выбрал опцию: 1
2024-09-19 22:15:49 INFO  CargoManagementController:39 - Пользователь выбрал упаковку
2024-09-19 22:15:49 INFO  CargoManagementController:55 - Начало процесса упаковки
2024-09-19 22:15:56 INFO  CargoManagementController:66 - Начинается упаковка 2 машин из файла /home/paul/IdeaProjects/ConsoleParcels/src/test/resources/input/valid-input-data-for-balanced-loading-service.txt
2024-09-19 22:15:56 INFO  PackagingSelectionServiceImpl:27 - Создан SinglePackagingService
2024-09-19 22:15:56 INFO  BalancedLoadingServiceImpl:29 - Начало упаковки: файл = /home/paul/IdeaProjects/ConsoleParcels/src/test/resources/input/valid-input-data-for-balanced-loading-service.txt, количество автомобилей = 2
2024-09-19 22:15:56 INFO  BalancedLoadingServiceImpl:60 - Посылка ConsoleParcelsApp.model.Parcel@63376bed размещена в грузовике ConsoleParcelsApp.model.Truck@4145bad8 на позиции (0, 5)
2024-09-19 22:15:56 INFO  BalancedLoadingServiceImpl:60 - Посылка ConsoleParcelsApp.model.Parcel@d86a6f размещена в грузовике ConsoleParcelsApp.model.Truck@2892d68 на позиции (0, 5)
2024-09-19 22:15:56 INFO  BalancedLoadingServiceImpl:60 - Посылка ConsoleParcelsApp.model.Parcel@5ab956d7 размещена в грузовике ConsoleParcelsApp.model.Truck@2892d68 на позиции (1, 5)
2024-09-19 22:15:56 INFO  BalancedLoadingServiceImpl:60 - Посылка ConsoleParcelsApp.model.Parcel@3646a422 размещена в грузовике ConsoleParcelsApp.model.Truck@2892d68 на позиции (2, 5)
2024-09-19 22:15:56 INFO  BalancedLoadingServiceImpl:41 - Упаковка завершена успешно. Все посылки размещены.
2024-09-19 22:15:56 INFO  CargoManagementController:72 - Упаковка завершена. Упаковано 2 грузовиков
2024-09-19 22:15:56 INFO  PrintResultServiceImpl:15 - Начало печати результатов упаковки для 2 грузовиков
2024-09-19 22:15:56 INFO  PrintResultServiceImpl:24 - Завершение печати результатов упаковки
2024-09-19 22:15:56 INFO  TruckToJsonWriterServiceImpl:23 - Начало процесса записи грузовиков в JSON файл
2024-09-19 22:15:56 INFO  TruckToJsonWriterServiceImpl:33 - Успешно записано 2 грузовиков в файл data/trucks.json
2024-09-19 22:15:56 INFO  CargoManagementController:78 - Запись результатов упаковки в JSON завершена
2024-09-19 22:15:56 INFO  CargoManagementController:32 - Начата обработка выбора упаковки или распаковки
2024-09-19 22:27:28 INFO  ConsoleParcelsApplication:23 - Запуск приложения ConsoleParcelsApplication
2024-09-19 22:27:28 INFO  CargoManagementController:33 - Начата обработка выбора упаковки или распаковки
2024-09-19 22:27:30 INFO  ReceivingUserRequestServiceImpl:32 - Пользователь выбрал опцию: 2
2024-09-19 22:27:30 INFO  CargoManagementController:45 - Пользователь выбрал распаковку
2024-09-19 22:27:30 INFO  CargoManagementController:87 - Начало процесса распаковки
2024-09-19 22:27:41 INFO  UnPackagingServiceImpl:20 - Начало процесса распаковки грузовиков из файла: /home/paul/IdeaProjects/ConsoleParcels/data/trucks.json
2024-09-19 22:28:51 INFO  ConsoleParcelsApplication:23 - Запуск приложения ConsoleParcelsApplication
2024-09-19 22:28:51 INFO  CargoManagementController:33 - Начата обработка выбора упаковки или распаковки
2024-09-19 22:28:53 INFO  ReceivingUserRequestServiceImpl:32 - Пользователь выбрал опцию: 2
2024-09-19 22:28:53 INFO  CargoManagementController:45 - Пользователь выбрал распаковку
2024-09-19 22:28:53 INFO  CargoManagementController:87 - Начало процесса распаковки
2024-09-19 22:28:54 INFO  UnPackagingServiceImpl:20 - Начало процесса распаковки грузовиков из файла: /home/paul/IdeaProjects/ConsoleParcels/data/trucks.json
2024-09-19 22:29:29 INFO  ConsoleParcelsApplication:23 - Запуск приложения ConsoleParcelsApplication
2024-09-19 22:29:29 INFO  CargoManagementController:33 - Начата обработка выбора упаковки или распаковки
2024-09-19 22:29:30 INFO  ReceivingUserRequestServiceImpl:32 - Пользователь выбрал опцию: 2
2024-09-19 22:29:30 INFO  CargoManagementController:45 - Пользователь выбрал распаковку
2024-09-19 22:29:30 INFO  CargoManagementController:87 - Начало процесса распаковки
2024-09-19 22:29:30 INFO  UnPackagingServiceImpl:20 - Начало процесса распаковки грузовиков из файла: calculatePackageCounts
2024-09-19 22:29:30 ERROR UnPackagingServiceImpl:42 - Ошибка при чтении JSON файла: calculatePackageCounts
2024-09-19 22:29:30 ERROR CargoManagementController:99 - Ошибка при чтении файла calculatePackageCounts: Ошибка при чтении JSON файла: {}", filePath
2024-09-19 22:29:30 INFO  CargoManagementController:87 - Начало процесса распаковки
2024-09-19 22:29:33 INFO  UnPackagingServiceImpl:20 - Начало процесса распаковки грузовиков из файла: 2
2024-09-19 22:29:33 ERROR UnPackagingServiceImpl:42 - Ошибка при чтении JSON файла: 2
2024-09-19 22:29:33 ERROR CargoManagementController:99 - Ошибка при чтении файла 2: Ошибка при чтении JSON файла: {}", filePath
2024-09-19 22:29:33 INFO  CargoManagementController:87 - Начало процесса распаковки
2024-09-19 22:29:41 INFO  UnPackagingServiceImpl:20 - Начало процесса распаковки грузовиков из файла: /home/paul/IdeaProjects/ConsoleParcels/data/trucks.json
2024-09-19 22:29:41 INFO  UnPackagingServiceImpl:34 - Завершение процесса распаковки. Обработано 7 грузовиков.
2024-09-19 22:29:41 INFO  CargoManagementController:94 - Распаковка завершена. Распаковано 7 машин
2024-09-19 22:29:41 INFO  PrintResultServiceImpl:29 - Начало печати результатов распаковки для 7 грузовиков
2024-09-19 22:29:41 INFO  PrintResultServiceImpl:53 - Завершение печати результатов распаковки. Выведено: 234 символов
2024-09-19 22:29:41 INFO  CargoManagementController:33 - Начата обработка выбора упаковки или распаковки
2024-09-19 22:31:42 INFO  ConsoleParcelsApplication:23 - Запуск приложения ConsoleParcelsApplication
2024-09-19 22:31:42 INFO  CargoManagementController:33 - Начата обработка выбора упаковки или распаковки
2024-09-19 22:31:43 INFO  ReceivingUserRequestServiceImpl:32 - Пользователь выбрал опцию: 2
2024-09-19 22:31:43 INFO  CargoManagementController:45 - Пользователь выбрал распаковку
2024-09-19 22:31:43 INFO  CargoManagementController:87 - Начало процесса распаковки
2024-09-19 22:31:44 INFO  UnPackagingServiceImpl:20 - Начало процесса распаковки грузовиков из файла: /home/paul/IdeaProjects/ConsoleParcels/data/trucks.json
2024-09-19 22:31:44 INFO  UnPackagingServiceImpl:34 - Завершение процесса распаковки. Обработано 7 грузовиков.
2024-09-19 22:31:44 INFO  CargoManagementController:94 - Распаковка завершена. Распаковано 7 машин
2024-09-19 22:31:44 INFO  PrintResultServiceImpl:29 - Начало печати результатов распаковки для 7 грузовиков
2024-09-19 22:31:44 INFO  PrintResultServiceImpl:53 - Завершение печати результатов распаковки. Выведено: 234 символов
2024-09-19 22:31:44 INFO  CargoManagementController:33 - Начата обработка выбора упаковки или распаковки
2024-09-19 22:39:16 INFO  ConsoleParcelsApplication:23 - Запуск приложения ConsoleParcelsApplication
2024-09-19 22:39:16 INFO  CargoManagementController:33 - Начата обработка выбора упаковки или распаковки
2024-09-19 22:39:17 INFO  ReceivingUserRequestServiceImpl:32 - Пользователь выбрал опцию: 2
2024-09-19 22:39:17 INFO  CargoManagementController:45 - Пользователь выбрал распаковку
2024-09-19 22:39:17 INFO  CargoManagementController:87 - Начало процесса распаковки
2024-09-19 22:39:18 INFO  UnPackagingServiceImpl:23 - Начало процесса распаковки грузовиков из файла: /home/paul/IdeaProjects/ConsoleParcels/data/trucks.json
2024-09-19 22:43:10 INFO  ConsoleParcelsApplication:24 - Запуск приложения ConsoleParcelsApplication
2024-09-19 22:43:10 INFO  CargoManagementController:33 - Начата обработка выбора упаковки или распаковки
2024-09-19 22:43:11 INFO  ReceivingUserRequestServiceImpl:32 - Пользователь выбрал опцию: 2
2024-09-19 22:43:11 INFO  CargoManagementController:45 - Пользователь выбрал распаковку
2024-09-19 22:43:11 INFO  CargoManagementController:87 - Начало процесса распаковки
2024-09-19 22:43:12 INFO  UnPackagingServiceImpl:26 - Начало процесса распаковки грузовиков из файла: /home/paul/IdeaProjects/ConsoleParcels/data/trucks.json
2024-09-19 22:43:12 INFO  UnPackagingServiceImpl:40 - Завершение процесса распаковки. Обработано 7 грузовиков.
2024-09-19 22:43:12 INFO  CargoManagementController:94 - Распаковка завершена. Распаковано 7 машин
2024-09-19 22:43:12 INFO  PrintResultServiceImpl:29 - Начало печати результатов распаковки для 7 грузовиков
2024-09-19 22:43:12 INFO  PrintResultServiceImpl:53 - Завершение печати результатов распаковки. Выведено: 234 символов
2024-09-19 22:43:12 INFO  CargoManagementController:33 - Начата обработка выбора упаковки или распаковки
2024-09-19 22:57:09 INFO  ConsoleParcelsApplication:24 - Запуск приложения ConsoleParcelsApplication
2024-09-19 22:57:09 INFO  CargoManagementController:31 - Начата обработка выбора упаковки или распаковки
2024-09-19 22:57:19 INFO  ConsoleParcelsApplication:24 - Запуск приложения ConsoleParcelsApplication
2024-09-19 22:57:19 INFO  CargoManagementController:31 - Начата обработка выбора упаковки или распаковки
2024-09-19 22:57:25 INFO  ReceivingUserRequestServiceImpl:32 - Пользователь выбрал опцию: 1
2024-09-19 22:57:25 INFO  CargoManagementController:38 - Пользователь выбрал упаковку
2024-09-19 22:57:25 INFO  CargoManagementController:54 - Начало процесса упаковки
2024-09-19 22:57:28 ERROR UserInteractionServiceImpl:26 - Введенно неверное количество машин
2024-09-19 22:57:33 INFO  CargoManagementController:65 - Начинается упаковка 1 машин из файла /home/paul/IdeaProjects/ConsoleParcels/src/test/resources/input/valid-input-data-for-optimized-loading-service.txt
2024-09-19 22:57:33 INFO  PackagingSelectionServiceImpl:22 - Создан OptimizedPackagingService
2024-09-19 22:57:33 INFO  OptimizedPackagingServiceImpl:27 - Начало упаковки: файл = /home/paul/IdeaProjects/ConsoleParcels/src/test/resources/input/valid-input-data-for-optimized-loading-service.txt, количество автомобилей = 1
2024-09-19 22:57:33 INFO  PackageReader:52 - Посылка с формой 999
999
999 добавлена в список
2024-09-19 22:57:33 INFO  PackageReader:52 - Посылка с формой 666
666 добавлена в список
2024-09-19 22:57:33 INFO  PackageReader:52 - Посылка с формой 55555 добавлена в список
2024-09-19 22:57:33 INFO  PackageReader:52 - Посылка с формой 1 добавлена в список
2024-09-19 22:57:33 INFO  PackageReader:52 - Посылка с формой 1 добавлена в список
2024-09-19 22:57:33 INFO  PackageReader:70 - Посылка с формой 333 добавлена в список
2024-09-19 22:57:33 INFO  OptimizedPackagingServiceImpl:53 - Посылка 9 размещена в грузовике на позиции (0, 3)
2024-09-19 22:57:33 INFO  OptimizedPackagingServiceImpl:53 - Посылка 6 размещена в грузовике на позиции (3, 4)
2024-09-19 22:57:33 INFO  OptimizedPackagingServiceImpl:53 - Посылка 5 размещена в грузовике на позиции (0, 2)
2024-09-19 22:57:33 INFO  OptimizedPackagingServiceImpl:53 - Посылка 3 размещена в грузовике на позиции (3, 3)
2024-09-19 22:57:33 INFO  OptimizedPackagingServiceImpl:53 - Посылка 1 размещена в грузовике на позиции (5, 2)
2024-09-19 22:57:33 INFO  OptimizedPackagingServiceImpl:53 - Посылка 1 размещена в грузовике на позиции (0, 1)
2024-09-19 22:57:33 INFO  OptimizedPackagingServiceImpl:39 - Упаковка завершена успешно. Все посылки размещены.
2024-09-19 22:57:33 INFO  CargoManagementController:71 - Упаковка завершена. Упаковано 1 грузовиков
2024-09-19 22:57:33 INFO  PrintResultServiceImpl:15 - Начало печати результатов упаковки для 1 грузовиков
2024-09-19 22:57:33 INFO  PrintResultServiceImpl:24 - Завершение печати результатов упаковки
2024-09-19 22:57:33 INFO  TruckToJsonWriterServiceImpl:23 - Начало процесса записи грузовиков в JSON файл
2024-09-19 22:57:34 INFO  TruckToJsonWriterServiceImpl:33 - Успешно записано 1 грузовиков в файл data/trucks.json
2024-09-19 22:57:34 INFO  CargoManagementController:77 - Запись результатов упаковки в JSON завершена
2024-09-19 22:57:34 INFO  CargoManagementController:31 - Начата обработка выбора упаковки или распаковки
